<?xml version="1.0" encoding="UTF-8"?>
<testng-results ignored="0" total="1" passed="1" failed="0" skipped="0">
  <reporter-output>
  </reporter-output>
  <suite started-at="2025-02-06T00:35:09 BDT" name="Default suite" finished-at="2025-02-06T00:35:17 BDT" duration-ms="7723">
    <groups>
    </groups>
    <test started-at="2025-02-06T00:35:09 BDT" name="Default test" finished-at="2025-02-06T00:35:17 BDT" duration-ms="7723">
      <class name="BrowserCommands.getCurrentTitle">
        <test-method is-config="true" signature="startChromeBrowser()[pri:0, instance:BrowserCommands.getCurrentTitle@3c41ed1d]" started-at="2025-02-06T00:35:02 BDT" name="startChromeBrowser" finished-at="2025-02-06T00:35:09 BDT" duration-ms="6946" status="PASS">
          <reporter-output>
          </reporter-output>
        </test-method> <!-- startChromeBrowser -->
        <test-method is-config="true" signature="openUrl()[pri:0, instance:BrowserCommands.getCurrentTitle@3c41ed1d]" started-at="2025-02-06T00:35:09 BDT" name="openUrl" finished-at="2025-02-06T00:35:11 BDT" duration-ms="2394" status="PASS">
          <reporter-output>
          </reporter-output>
        </test-method> <!-- openUrl -->
        <test-method signature="getCurrentURL()[pri:0, instance:BrowserCommands.getCurrentTitle@3c41ed1d]" started-at="2025-02-06T00:35:11 BDT" name="getCurrentURL" finished-at="2025-02-06T00:35:17 BDT" duration-ms="5278" status="PASS">
          <reporter-output>
          </reporter-output>
        </test-method> <!-- getCurrentURL -->
        <test-method is-config="true" signature="closeChromeBrowser()[pri:0, instance:BrowserCommands.getCurrentTitle@3c41ed1d]" started-at="2025-02-06T00:35:17 BDT" name="closeChromeBrowser" finished-at="2025-02-06T00:35:17 BDT" duration-ms="97" status="PASS">
          <reporter-output>
          </reporter-output>
        </test-method> <!-- closeChromeBrowser -->
      </class> <!-- BrowserCommands.getCurrentTitle -->
    </test> <!-- Default test -->
  </suite> <!-- Default suite -->
</testng-results>
